<?xml version="1.0" encoding="UTF-8"?>
<!-- Generated by org.testng.reporters.JUnitReportReporter -->
<testsuite hostname="FFE-Asha-R" failures="0" tests="1" name="com.crm.contactTest.CreateContactTest_BaseClass" time="112.856" errors="0" timestamp="2024-05-29T13:10:00 IST" skipped="0">
  <testcase classname="com.crm.contactTest.CreateContactTest_BaseClass" name="CreateOrGBaseClass" time="112.856"/>
  <system-out/>
</testsuite> <!-- com.crm.contactTest.CreateContactTest_BaseClass -->
